This file contains any messages produced by compilers while
running configure, to aid debugging if configure makes a mistake.

It was created by rcssmonitor configure 18.0.0, which was
generated by GNU Autoconf 2.71.  Invocation command line was

  $ ./configure

## --------- ##
## Platform. ##
## --------- ##

hostname = Soroush
uname -m = x86_64
uname -r = 6.5.0-25-generic
uname -s = Linux
uname -v = #25~22.04.1-Ubuntu SMP PREEMPT_DYNAMIC Tue Feb 20 16:09:15 UTC 2

/usr/bin/uname -p = x86_64
/bin/uname -X     = unknown

/bin/arch              = x86_64
/usr/bin/arch -k       = unknown
/usr/convex/getsysinfo = unknown
/usr/bin/hostinfo      = unknown
/bin/machine           = unknown
/usr/bin/oslevel       = unknown
/bin/universe          = unknown

PATH: /home/soroush/.local/bin/
PATH: /usr/local/sbin/
PATH: /usr/local/bin/
PATH: /usr/sbin/
PATH: /usr/bin/
PATH: /sbin/
PATH: /bin/
PATH: /usr/games/
PATH: /usr/local/games/
PATH: /snap/bin/
PATH: /snap/bin/


## ----------- ##
## Core tests. ##
## ----------- ##

configure:2972: looking for aux files: compile config.guess config.sub ltmain.sh missing install-sh
configure:2985:  trying ./
configure:3014:   ./compile found
configure:3014:   ./config.guess found
configure:3014:   ./config.sub found
configure:3014:   ./ltmain.sh found
configure:3014:   ./missing found
configure:2996:   ./install-sh found
configure:3147: checking for a BSD-compatible install
configure:3220: result: /usr/bin/install -c
configure:3231: checking whether build environment is sane
configure:3286: result: yes
configure:3445: checking for a race-free mkdir -p
configure:3489: result: /usr/bin/mkdir -p
configure:3496: checking for gawk
configure:3531: result: no
configure:3496: checking for mawk
configure:3517: found /usr/bin/mawk
configure:3528: result: mawk
configure:3539: checking whether make sets $(MAKE)
configure:3562: result: yes
configure:3592: checking whether make supports nested variables
configure:3610: result: yes
configure:3787: checking build system type
configure:3802: result: x86_64-pc-linux-gnu
configure:3822: checking host system type
configure:3836: result: x86_64-pc-linux-gnu
configure:3877: checking how to print strings
configure:3904: result: printf
configure:3938: checking whether make supports the include directive
configure:3953: make -f confmf.GNU && cat confinc.out
this is the am__doit target
configure:3956: $? = 0
configure:3975: result: yes (GNU style)
configure:4051: checking for gcc
configure:4072: found /usr/bin/gcc
configure:4083: result: gcc
configure:4436: checking for C compiler version
configure:4445: gcc --version >&5
gcc (Ubuntu 11.4.0-1ubuntu1~22.04) 11.4.0
Copyright (C) 2021 Free Software Foundation, Inc.
This is free software; see the source for copying conditions.  There is NO
warranty; not even for MERCHANTABILITY or FITNESS FOR A PARTICULAR PURPOSE.

configure:4456: $? = 0
configure:4445: gcc -v >&5
Using built-in specs.
COLLECT_GCC=gcc
COLLECT_LTO_WRAPPER=/usr/lib/gcc/x86_64-linux-gnu/11/lto-wrapper
OFFLOAD_TARGET_NAMES=nvptx-none:amdgcn-amdhsa
OFFLOAD_TARGET_DEFAULT=1
Target: x86_64-linux-gnu
Configured with: ../src/configure -v --with-pkgversion='Ubuntu 11.4.0-1ubuntu1~22.04' --with-bugurl=file:///usr/share/doc/gcc-11/README.Bugs --enable-languages=c,ada,c++,go,brig,d,fortran,objc,obj-c++,m2 --prefix=/usr --with-gcc-major-version-only --program-suffix=-11 --program-prefix=x86_64-linux-gnu- --enable-shared --enable-linker-build-id --libexecdir=/usr/lib --without-included-gettext --enable-threads=posix --libdir=/usr/lib --enable-nls --enable-bootstrap --enable-clocale=gnu --enable-libstdcxx-debug --enable-libstdcxx-time=yes --with-default-libstdcxx-abi=new --enable-gnu-unique-object --disable-vtable-verify --enable-plugin --enable-default-pie --with-system-zlib --enable-libphobos-checking=release --with-target-system-zlib=auto --enable-objc-gc=auto --enable-multiarch --disable-werror --enable-cet --with-arch-32=i686 --with-abi=m64 --with-multilib-list=m32,m64,mx32 --enable-multilib --with-tune=generic --enable-offload-targets=nvptx-none=/build/gcc-11-XeT9lY/gcc-11-11.4.0/debian/tmp-nvptx/usr,amdgcn-amdhsa=/build/gcc-11-XeT9lY/gcc-11-11.4.0/debian/tmp-gcn/usr --without-cuda-driver --enable-checking=release --build=x86_64-linux-gnu --host=x86_64-linux-gnu --target=x86_64-linux-gnu --with-build-config=bootstrap-lto-lean --enable-link-serialization=2
Thread model: posix
Supported LTO compression algorithms: zlib zstd
gcc version 11.4.0 (Ubuntu 11.4.0-1ubuntu1~22.04) 
... rest of stderr output deleted ...
configure:4456: $? = 0
configure:4445: gcc -V >&5
gcc: error: unrecognized command-line option '-V'
gcc: fatal error: no input files
compilation terminated.
configure:4456: $? = 1
configure:4445: gcc -qversion >&5
gcc: error: unrecognized command-line option '-qversion'; did you mean '--version'?
gcc: fatal error: no input files
compilation terminated.
configure:4456: $? = 1
configure:4445: gcc -version >&5
gcc: error: unrecognized command-line option '-version'
gcc: fatal error: no input files
compilation terminated.
configure:4456: $? = 1
configure:4476: checking whether the C compiler works
configure:4498: gcc    conftest.c  >&5
configure:4502: $? = 0
configure:4552: result: yes
configure:4555: checking for C compiler default output file name
configure:4557: result: a.out
configure:4563: checking for suffix of executables
configure:4570: gcc -o conftest    conftest.c  >&5
configure:4574: $? = 0
configure:4597: result: 
configure:4619: checking whether we are cross compiling
configure:4627: gcc -o conftest    conftest.c  >&5
configure:4631: $? = 0
configure:4638: ./conftest
configure:4642: $? = 0
configure:4657: result: no
configure:4662: checking for suffix of object files
configure:4685: gcc -c   conftest.c >&5
configure:4689: $? = 0
configure:4711: result: o
configure:4715: checking whether the compiler supports GNU C
configure:4735: gcc -c   conftest.c >&5
configure:4735: $? = 0
configure:4745: result: yes
configure:4756: checking whether gcc accepts -g
configure:4777: gcc -c -g  conftest.c >&5
configure:4777: $? = 0
configure:4821: result: yes
configure:4841: checking for gcc option to enable C11 features
configure:4856: gcc  -c -g -O2  conftest.c >&5
configure:4856: $? = 0
configure:4874: result: none needed
configure:4990: checking whether gcc understands -c and -o together
configure:5013: gcc -c conftest.c -o conftest2.o
configure:5016: $? = 0
configure:5013: gcc -c conftest.c -o conftest2.o
configure:5016: $? = 0
configure:5028: result: yes
configure:5047: checking dependency style of gcc
configure:5159: result: gcc3
configure:5174: checking for a sed that does not truncate output
configure:5244: result: /usr/bin/sed
configure:5262: checking for grep that handles long lines and -e
configure:5326: result: /usr/bin/grep
configure:5331: checking for egrep
configure:5399: result: /usr/bin/grep -E
configure:5404: checking for fgrep
configure:5472: result: /usr/bin/grep -F
configure:5508: checking for ld used by gcc
configure:5576: result: /usr/bin/ld
configure:5583: checking if the linker (/usr/bin/ld) is GNU ld
configure:5599: result: yes
configure:5611: checking for BSD- or MS-compatible name lister (nm)
configure:5666: result: /usr/bin/nm -B
configure:5806: checking the name lister (/usr/bin/nm -B) interface
configure:5814: gcc -c -g -O2  conftest.c >&5
configure:5817: /usr/bin/nm -B "conftest.o"
configure:5820: output
0000000000000000 B some_variable
configure:5827: result: BSD nm
configure:5830: checking whether ln -s works
configure:5834: result: yes
configure:5842: checking the maximum length of command line arguments
configure:5974: result: 1572864
configure:6022: checking how to convert x86_64-pc-linux-gnu file names to x86_64-pc-linux-gnu format
configure:6063: result: func_convert_file_noop
configure:6070: checking how to convert x86_64-pc-linux-gnu file names to toolchain format
configure:6091: result: func_convert_file_noop
configure:6098: checking for /usr/bin/ld option to reload object files
configure:6106: result: -r
configure:6185: checking for objdump
configure:6206: found /usr/bin/objdump
configure:6217: result: objdump
configure:6249: checking how to recognize dependent libraries
configure:6450: result: pass_all
configure:6540: checking for dlltool
configure:6575: result: no
configure:6605: checking how to associate runtime and link libraries
configure:6633: result: printf %s\n
configure:6699: checking for ar
configure:6720: found /usr/bin/ar
configure:6731: result: ar
configure:6768: checking for archiver @FILE support
configure:6786: gcc -c -g -O2  conftest.c >&5
configure:6786: $? = 0
configure:6790: ar cr libconftest.a @conftest.lst >&5
configure:6793: $? = 0
configure:6798: ar cr libconftest.a @conftest.lst >&5
ar: conftest.o: No such file or directory
configure:6801: $? = 1
configure:6813: result: @
configure:6876: checking for strip
configure:6897: found /usr/bin/strip
configure:6908: result: strip
configure:6985: checking for ranlib
configure:7006: found /usr/bin/ranlib
configure:7017: result: ranlib
configure:7119: checking command to parse /usr/bin/nm -B output from gcc object
configure:7273: gcc -c -g -O2  conftest.c >&5
configure:7276: $? = 0
configure:7280: /usr/bin/nm -B conftest.o | sed -n -e 's/^.*[	 ]\([ABCDGIRSTW][ABCDGIRSTW]*\)[	 ][	 ]*\([_A-Za-z][_A-Za-z0-9]*\)$/\1 \2 \2/p' | sed '/ __gnu_lto/d' > conftest.nm
configure:7346: gcc -o conftest -g -O2   conftest.c conftstm.o >&5
configure:7349: $? = 0
configure:7387: result: ok
configure:7434: checking for sysroot
configure:7465: result: no
configure:7472: checking for a working dd
configure:7516: result: /usr/bin/dd
configure:7520: checking how to truncate binary pipes
configure:7536: result: /usr/bin/dd bs=4096 count=1
configure:7673: gcc -c -g -O2  conftest.c >&5
configure:7676: $? = 0
configure:7873: checking for mt
configure:7894: found /usr/bin/mt
configure:7905: result: mt
configure:7928: checking if mt is a manifest tool
configure:7935: mt '-?'
configure:7943: result: no
configure:8673: checking for stdio.h
configure:8673: gcc -c -g -O2  conftest.c >&5
configure:8673: $? = 0
configure:8673: result: yes
configure:8673: checking for stdlib.h
configure:8673: gcc -c -g -O2  conftest.c >&5
configure:8673: $? = 0
configure:8673: result: yes
configure:8673: checking for string.h
configure:8673: gcc -c -g -O2  conftest.c >&5
configure:8673: $? = 0
configure:8673: result: yes
configure:8673: checking for inttypes.h
configure:8673: gcc -c -g -O2  conftest.c >&5
configure:8673: $? = 0
configure:8673: result: yes
configure:8673: checking for stdint.h
configure:8673: gcc -c -g -O2  conftest.c >&5
configure:8673: $? = 0
configure:8673: result: yes
configure:8673: checking for strings.h
configure:8673: gcc -c -g -O2  conftest.c >&5
configure:8673: $? = 0
configure:8673: result: yes
configure:8673: checking for sys/stat.h
configure:8673: gcc -c -g -O2  conftest.c >&5
configure:8673: $? = 0
configure:8673: result: yes
configure:8673: checking for sys/types.h
configure:8673: gcc -c -g -O2  conftest.c >&5
configure:8673: $? = 0
configure:8673: result: yes
configure:8673: checking for unistd.h
configure:8673: gcc -c -g -O2  conftest.c >&5
configure:8673: $? = 0
configure:8673: result: yes
configure:8673: checking for sys/time.h
configure:8673: gcc -c -g -O2  conftest.c >&5
configure:8673: $? = 0
configure:8673: result: yes
configure:8698: checking for dlfcn.h
configure:8698: gcc -c -g -O2  conftest.c >&5
configure:8698: $? = 0
configure:8698: result: yes
configure:8955: checking for objdir
configure:8971: result: .libs
configure:9235: checking if gcc supports -fno-rtti -fno-exceptions
configure:9254: gcc -c -g -O2  -fno-rtti -fno-exceptions conftest.c >&5
cc1: warning: command-line option '-fno-rtti' is valid for C++/D/ObjC++ but not for C
configure:9258: $? = 0
configure:9271: result: no
configure:9635: checking for gcc option to produce PIC
configure:9643: result: -fPIC -DPIC
configure:9651: checking if gcc PIC flag -fPIC -DPIC works
configure:9670: gcc -c -g -O2  -fPIC -DPIC -DPIC conftest.c >&5
configure:9674: $? = 0
configure:9687: result: yes
configure:9716: checking if gcc static flag -static works
configure:9745: result: yes
configure:9760: checking if gcc supports -c -o file.o
configure:9782: gcc -c -g -O2  -o out/conftest2.o conftest.c >&5
configure:9786: $? = 0
configure:9808: result: yes
configure:9816: checking if gcc supports -c -o file.o
configure:9864: result: yes
configure:9897: checking whether the gcc linker (/usr/bin/ld -m elf_x86_64) supports shared libraries
configure:11167: result: yes
configure:11204: checking whether -lc should be explicitly linked in
configure:11213: gcc -c -g -O2  conftest.c >&5
configure:11216: $? = 0
configure:11231: gcc -shared  -fPIC -DPIC conftest.o  -v -Wl,-soname -Wl,conftest -o conftest 2\>\&1 \| /usr/bin/grep  -lc  \>/dev/null 2\>\&1
configure:11234: $? = 0
configure:11248: result: no
configure:11408: checking dynamic linker characteristics
configure:11990: gcc -o conftest -g -O2   -Wl,-rpath -Wl,/foo conftest.c  >&5
configure:11990: $? = 0
configure:12241: result: GNU/Linux ld.so
configure:12363: checking how to hardcode library paths into programs
configure:12388: result: immediate
configure:12940: checking whether stripping libraries is possible
configure:12945: result: yes
configure:12980: checking if libtool supports shared libraries
configure:12982: result: yes
configure:12985: checking whether to build shared libraries
configure:13010: result: yes
configure:13013: checking whether to build static libraries
configure:13017: result: no
configure:13123: checking for g++
configure:13144: found /usr/bin/g++
configure:13155: result: g++
configure:13182: checking for C++ compiler version
configure:13191: g++ --version >&5
g++ (Ubuntu 11.4.0-1ubuntu1~22.04) 11.4.0
Copyright (C) 2021 Free Software Foundation, Inc.
This is free software; see the source for copying conditions.  There is NO
warranty; not even for MERCHANTABILITY or FITNESS FOR A PARTICULAR PURPOSE.

configure:13202: $? = 0
configure:13191: g++ -v >&5
Using built-in specs.
COLLECT_GCC=g++
COLLECT_LTO_WRAPPER=/usr/lib/gcc/x86_64-linux-gnu/11/lto-wrapper
OFFLOAD_TARGET_NAMES=nvptx-none:amdgcn-amdhsa
OFFLOAD_TARGET_DEFAULT=1
Target: x86_64-linux-gnu
Configured with: ../src/configure -v --with-pkgversion='Ubuntu 11.4.0-1ubuntu1~22.04' --with-bugurl=file:///usr/share/doc/gcc-11/README.Bugs --enable-languages=c,ada,c++,go,brig,d,fortran,objc,obj-c++,m2 --prefix=/usr --with-gcc-major-version-only --program-suffix=-11 --program-prefix=x86_64-linux-gnu- --enable-shared --enable-linker-build-id --libexecdir=/usr/lib --without-included-gettext --enable-threads=posix --libdir=/usr/lib --enable-nls --enable-bootstrap --enable-clocale=gnu --enable-libstdcxx-debug --enable-libstdcxx-time=yes --with-default-libstdcxx-abi=new --enable-gnu-unique-object --disable-vtable-verify --enable-plugin --enable-default-pie --with-system-zlib --enable-libphobos-checking=release --with-target-system-zlib=auto --enable-objc-gc=auto --enable-multiarch --disable-werror --enable-cet --with-arch-32=i686 --with-abi=m64 --with-multilib-list=m32,m64,mx32 --enable-multilib --with-tune=generic --enable-offload-targets=nvptx-none=/build/gcc-11-XeT9lY/gcc-11-11.4.0/debian/tmp-nvptx/usr,amdgcn-amdhsa=/build/gcc-11-XeT9lY/gcc-11-11.4.0/debian/tmp-gcn/usr --without-cuda-driver --enable-checking=release --build=x86_64-linux-gnu --host=x86_64-linux-gnu --target=x86_64-linux-gnu --with-build-config=bootstrap-lto-lean --enable-link-serialization=2
Thread model: posix
Supported LTO compression algorithms: zlib zstd
gcc version 11.4.0 (Ubuntu 11.4.0-1ubuntu1~22.04) 
... rest of stderr output deleted ...
configure:13202: $? = 0
configure:13191: g++ -V >&5
g++: error: unrecognized command-line option '-V'
g++: fatal error: no input files
compilation terminated.
configure:13202: $? = 1
configure:13191: g++ -qversion >&5
g++: error: unrecognized command-line option '-qversion'; did you mean '--version'?
g++: fatal error: no input files
compilation terminated.
configure:13202: $? = 1
configure:13206: checking whether the compiler supports GNU C++
configure:13226: g++ -c   conftest.cpp >&5
configure:13226: $? = 0
configure:13236: result: yes
configure:13247: checking whether g++ accepts -g
configure:13268: g++ -c -g  conftest.cpp >&5
configure:13268: $? = 0
configure:13312: result: yes
configure:13332: checking for g++ option to enable C++11 features
configure:13347: g++  -c -g -O2  conftest.cpp >&5
conftest.cpp: In function 'int main(int, char**)':
conftest.cpp:190:25: warning: empty parentheses were disambiguated as a function declaration [-Wvexing-parse]
  190 |   cxx11test::delegate d2();
      |                         ^~
conftest.cpp:190:25: note: remove parentheses to default-initialize a variable
  190 |   cxx11test::delegate d2();
      |                         ^~
      |                         --
conftest.cpp:190:25: note: or replace parentheses with braces to value-initialize a variable
configure:13347: $? = 0
configure:13365: result: none needed
configure:13431: checking dependency style of g++
configure:13543: result: gcc3
configure:13577: checking how to run the C++ preprocessor
configure:13599: g++ -E  conftest.cpp
configure:13599: $? = 0
configure:13614: g++ -E  conftest.cpp
conftest.cpp:24:10: fatal error: ac_nonexistent.h: No such file or directory
   24 | #include <ac_nonexistent.h>
      |          ^~~~~~~~~~~~~~~~~~
compilation terminated.
configure:13614: $? = 1
configure: failed program was:
| /* confdefs.h */
| #define PACKAGE_NAME "rcssmonitor"
| #define PACKAGE_TARNAME "rcssmonitor"
| #define PACKAGE_VERSION "18.0.0"
| #define PACKAGE_STRING "rcssmonitor 18.0.0"
| #define PACKAGE_BUGREPORT "https://github.com/rcsoccersim/rcssmonitor"
| #define PACKAGE_URL ""
| #define PACKAGE "rcssmonitor"
| #define VERSION "18.0.0"
| #define HAVE_STDIO_H 1
| #define HAVE_STDLIB_H 1
| #define HAVE_STRING_H 1
| #define HAVE_INTTYPES_H 1
| #define HAVE_STDINT_H 1
| #define HAVE_STRINGS_H 1
| #define HAVE_SYS_STAT_H 1
| #define HAVE_SYS_TYPES_H 1
| #define HAVE_UNISTD_H 1
| #define HAVE_SYS_TIME_H 1
| #define STDC_HEADERS 1
| #define HAVE_DLFCN_H 1
| #define LT_OBJDIR ".libs/"
| /* end confdefs.h.  */
| #include <ac_nonexistent.h>
configure:13641: result: g++ -E
configure:13655: g++ -E  conftest.cpp
configure:13655: $? = 0
configure:13670: g++ -E  conftest.cpp
conftest.cpp:24:10: fatal error: ac_nonexistent.h: No such file or directory
   24 | #include <ac_nonexistent.h>
      |          ^~~~~~~~~~~~~~~~~~
compilation terminated.
configure:13670: $? = 1
configure: failed program was:
| /* confdefs.h */
| #define PACKAGE_NAME "rcssmonitor"
| #define PACKAGE_TARNAME "rcssmonitor"
| #define PACKAGE_VERSION "18.0.0"
| #define PACKAGE_STRING "rcssmonitor 18.0.0"
| #define PACKAGE_BUGREPORT "https://github.com/rcsoccersim/rcssmonitor"
| #define PACKAGE_URL ""
| #define PACKAGE "rcssmonitor"
| #define VERSION "18.0.0"
| #define HAVE_STDIO_H 1
| #define HAVE_STDLIB_H 1
| #define HAVE_STRING_H 1
| #define HAVE_INTTYPES_H 1
| #define HAVE_STDINT_H 1
| #define HAVE_STRINGS_H 1
| #define HAVE_SYS_STAT_H 1
| #define HAVE_SYS_TYPES_H 1
| #define HAVE_UNISTD_H 1
| #define HAVE_SYS_TIME_H 1
| #define STDC_HEADERS 1
| #define HAVE_DLFCN_H 1
| #define LT_OBJDIR ".libs/"
| /* end confdefs.h.  */
| #include <ac_nonexistent.h>
configure:13835: checking for ld used by g++
configure:13903: result: /usr/bin/ld -m elf_x86_64
configure:13910: checking if the linker (/usr/bin/ld -m elf_x86_64) is GNU ld
configure:13926: result: yes
configure:13981: checking whether the g++ linker (/usr/bin/ld -m elf_x86_64) supports shared libraries
configure:15058: result: yes
configure:15094: g++ -c -g -O2  conftest.cpp >&5
configure:15097: $? = 0
configure:15578: checking for g++ option to produce PIC
configure:15586: result: -fPIC -DPIC
configure:15594: checking if g++ PIC flag -fPIC -DPIC works
configure:15613: g++ -c -g -O2  -fPIC -DPIC -DPIC conftest.cpp >&5
configure:15617: $? = 0
configure:15630: result: yes
configure:15653: checking if g++ static flag -static works
configure:15682: result: yes
configure:15694: checking if g++ supports -c -o file.o
configure:15716: g++ -c -g -O2  -o out/conftest2.o conftest.cpp >&5
configure:15720: $? = 0
configure:15742: result: yes
configure:15747: checking if g++ supports -c -o file.o
configure:15795: result: yes
configure:15825: checking whether the g++ linker (/usr/bin/ld -m elf_x86_64) supports shared libraries
configure:15868: result: yes
configure:16010: checking dynamic linker characteristics
configure:16770: result: GNU/Linux ld.so
configure:16835: checking how to hardcode library paths into programs
configure:16860: result: immediate
configure:16959: checking for gcc
configure:16991: result: gcc
configure:17344: checking for C compiler version
configure:17353: gcc --version >&5
gcc (Ubuntu 11.4.0-1ubuntu1~22.04) 11.4.0
Copyright (C) 2021 Free Software Foundation, Inc.
This is free software; see the source for copying conditions.  There is NO
warranty; not even for MERCHANTABILITY or FITNESS FOR A PARTICULAR PURPOSE.

configure:17364: $? = 0
configure:17353: gcc -v >&5
Using built-in specs.
COLLECT_GCC=gcc
COLLECT_LTO_WRAPPER=/usr/lib/gcc/x86_64-linux-gnu/11/lto-wrapper
OFFLOAD_TARGET_NAMES=nvptx-none:amdgcn-amdhsa
OFFLOAD_TARGET_DEFAULT=1
Target: x86_64-linux-gnu
Configured with: ../src/configure -v --with-pkgversion='Ubuntu 11.4.0-1ubuntu1~22.04' --with-bugurl=file:///usr/share/doc/gcc-11/README.Bugs --enable-languages=c,ada,c++,go,brig,d,fortran,objc,obj-c++,m2 --prefix=/usr --with-gcc-major-version-only --program-suffix=-11 --program-prefix=x86_64-linux-gnu- --enable-shared --enable-linker-build-id --libexecdir=/usr/lib --without-included-gettext --enable-threads=posix --libdir=/usr/lib --enable-nls --enable-bootstrap --enable-clocale=gnu --enable-libstdcxx-debug --enable-libstdcxx-time=yes --with-default-libstdcxx-abi=new --enable-gnu-unique-object --disable-vtable-verify --enable-plugin --enable-default-pie --with-system-zlib --enable-libphobos-checking=release --with-target-system-zlib=auto --enable-objc-gc=auto --enable-multiarch --disable-werror --enable-cet --with-arch-32=i686 --with-abi=m64 --with-multilib-list=m32,m64,mx32 --enable-multilib --with-tune=generic --enable-offload-targets=nvptx-none=/build/gcc-11-XeT9lY/gcc-11-11.4.0/debian/tmp-nvptx/usr,amdgcn-amdhsa=/build/gcc-11-XeT9lY/gcc-11-11.4.0/debian/tmp-gcn/usr --without-cuda-driver --enable-checking=release --build=x86_64-linux-gnu --host=x86_64-linux-gnu --target=x86_64-linux-gnu --with-build-config=bootstrap-lto-lean --enable-link-serialization=2
Thread model: posix
Supported LTO compression algorithms: zlib zstd
gcc version 11.4.0 (Ubuntu 11.4.0-1ubuntu1~22.04) 
... rest of stderr output deleted ...
configure:17364: $? = 0
configure:17353: gcc -V >&5
gcc: error: unrecognized command-line option '-V'
gcc: fatal error: no input files
compilation terminated.
configure:17364: $? = 1
configure:17353: gcc -qversion >&5
gcc: error: unrecognized command-line option '-qversion'; did you mean '--version'?
gcc: fatal error: no input files
compilation terminated.
configure:17364: $? = 1
configure:17353: gcc -version >&5
gcc: error: unrecognized command-line option '-version'
gcc: fatal error: no input files
compilation terminated.
configure:17364: $? = 1
configure:17368: checking whether the compiler supports GNU C
configure:17398: result: yes
configure:17409: checking whether gcc accepts -g
configure:17474: result: yes
configure:17494: checking for gcc option to enable C11 features
configure:17527: result: none needed
configure:17643: checking whether gcc understands -c and -o together
configure:17681: result: yes
configure:17700: checking dependency style of gcc
configure:17812: result: gcc3
configure:17832: checking how to run the C preprocessor
configure:17858: gcc -E  conftest.c
configure:17858: $? = 0
configure:17873: gcc -E  conftest.c
conftest.c:24:10: fatal error: ac_nonexistent.h: No such file or directory
   24 | #include <ac_nonexistent.h>
      |          ^~~~~~~~~~~~~~~~~~
compilation terminated.
configure:17873: $? = 1
configure: failed program was:
| /* confdefs.h */
| #define PACKAGE_NAME "rcssmonitor"
| #define PACKAGE_TARNAME "rcssmonitor"
| #define PACKAGE_VERSION "18.0.0"
| #define PACKAGE_STRING "rcssmonitor 18.0.0"
| #define PACKAGE_BUGREPORT "https://github.com/rcsoccersim/rcssmonitor"
| #define PACKAGE_URL ""
| #define PACKAGE "rcssmonitor"
| #define VERSION "18.0.0"
| #define HAVE_STDIO_H 1
| #define HAVE_STDLIB_H 1
| #define HAVE_STRING_H 1
| #define HAVE_INTTYPES_H 1
| #define HAVE_STDINT_H 1
| #define HAVE_STRINGS_H 1
| #define HAVE_SYS_STAT_H 1
| #define HAVE_SYS_TYPES_H 1
| #define HAVE_UNISTD_H 1
| #define HAVE_SYS_TIME_H 1
| #define STDC_HEADERS 1
| #define HAVE_DLFCN_H 1
| #define LT_OBJDIR ".libs/"
| /* end confdefs.h.  */
| #include <ac_nonexistent.h>
configure:17900: result: gcc -E
configure:17914: gcc -E  conftest.c
configure:17914: $? = 0
configure:17929: gcc -E  conftest.c
conftest.c:24:10: fatal error: ac_nonexistent.h: No such file or directory
   24 | #include <ac_nonexistent.h>
      |          ^~~~~~~~~~~~~~~~~~
compilation terminated.
configure:17929: $? = 1
configure: failed program was:
| /* confdefs.h */
| #define PACKAGE_NAME "rcssmonitor"
| #define PACKAGE_TARNAME "rcssmonitor"
| #define PACKAGE_VERSION "18.0.0"
| #define PACKAGE_STRING "rcssmonitor 18.0.0"
| #define PACKAGE_BUGREPORT "https://github.com/rcsoccersim/rcssmonitor"
| #define PACKAGE_URL ""
| #define PACKAGE "rcssmonitor"
| #define VERSION "18.0.0"
| #define HAVE_STDIO_H 1
| #define HAVE_STDLIB_H 1
| #define HAVE_STRING_H 1
| #define HAVE_INTTYPES_H 1
| #define HAVE_STDINT_H 1
| #define HAVE_STRINGS_H 1
| #define HAVE_SYS_STAT_H 1
| #define HAVE_SYS_TYPES_H 1
| #define HAVE_UNISTD_H 1
| #define HAVE_SYS_TIME_H 1
| #define STDC_HEADERS 1
| #define HAVE_DLFCN_H 1
| #define LT_OBJDIR ".libs/"
| /* end confdefs.h.  */
| #include <ac_nonexistent.h>
configure:18081: checking for C++ compiler version
configure:18090: g++ --version >&5
g++ (Ubuntu 11.4.0-1ubuntu1~22.04) 11.4.0
Copyright (C) 2021 Free Software Foundation, Inc.
This is free software; see the source for copying conditions.  There is NO
warranty; not even for MERCHANTABILITY or FITNESS FOR A PARTICULAR PURPOSE.

configure:18101: $? = 0
configure:18090: g++ -v >&5
Using built-in specs.
COLLECT_GCC=g++
COLLECT_LTO_WRAPPER=/usr/lib/gcc/x86_64-linux-gnu/11/lto-wrapper
OFFLOAD_TARGET_NAMES=nvptx-none:amdgcn-amdhsa
OFFLOAD_TARGET_DEFAULT=1
Target: x86_64-linux-gnu
Configured with: ../src/configure -v --with-pkgversion='Ubuntu 11.4.0-1ubuntu1~22.04' --with-bugurl=file:///usr/share/doc/gcc-11/README.Bugs --enable-languages=c,ada,c++,go,brig,d,fortran,objc,obj-c++,m2 --prefix=/usr --with-gcc-major-version-only --program-suffix=-11 --program-prefix=x86_64-linux-gnu- --enable-shared --enable-linker-build-id --libexecdir=/usr/lib --without-included-gettext --enable-threads=posix --libdir=/usr/lib --enable-nls --enable-bootstrap --enable-clocale=gnu --enable-libstdcxx-debug --enable-libstdcxx-time=yes --with-default-libstdcxx-abi=new --enable-gnu-unique-object --disable-vtable-verify --enable-plugin --enable-default-pie --with-system-zlib --enable-libphobos-checking=release --with-target-system-zlib=auto --enable-objc-gc=auto --enable-multiarch --disable-werror --enable-cet --with-arch-32=i686 --with-abi=m64 --with-multilib-list=m32,m64,mx32 --enable-multilib --with-tune=generic --enable-offload-targets=nvptx-none=/build/gcc-11-XeT9lY/gcc-11-11.4.0/debian/tmp-nvptx/usr,amdgcn-amdhsa=/build/gcc-11-XeT9lY/gcc-11-11.4.0/debian/tmp-gcn/usr --without-cuda-driver --enable-checking=release --build=x86_64-linux-gnu --host=x86_64-linux-gnu --target=x86_64-linux-gnu --with-build-config=bootstrap-lto-lean --enable-link-serialization=2
Thread model: posix
Supported LTO compression algorithms: zlib zstd
gcc version 11.4.0 (Ubuntu 11.4.0-1ubuntu1~22.04) 
... rest of stderr output deleted ...
configure:18101: $? = 0
configure:18090: g++ -V >&5
g++: error: unrecognized command-line option '-V'
g++: fatal error: no input files
compilation terminated.
configure:18101: $? = 1
configure:18090: g++ -qversion >&5
g++: error: unrecognized command-line option '-qversion'; did you mean '--version'?
g++: fatal error: no input files
compilation terminated.
configure:18101: $? = 1
configure:18105: checking whether the compiler supports GNU C++
configure:18135: result: yes
configure:18146: checking whether g++ accepts -g
configure:18211: result: yes
configure:18231: checking for g++ option to enable C++11 features
configure:18264: result: none needed
configure:18330: checking dependency style of g++
configure:18442: result: gcc3
configure:18462: checking for cos in -lm
configure:18485: gcc -o conftest -g -O2   conftest.c -lm   >&5
conftest.c:28:6: warning: conflicting types for built-in function 'cos'; expected 'double(double)' [-Wbuiltin-declaration-mismatch]
   28 | char cos ();
      |      ^~~
conftest.c:1:1: note: 'cos' is declared in header '<math.h>'
    1 | /* confdefs.h */
configure:18485: $? = 0
configure:18495: result: yes
configure:18508: checking if zlib is wanted
configure:18531: result: yes
configure:18561: checking for inflateEnd in -lz
configure:18584: gcc -o conftest -g -O2  -I/usr/include  -L/usr/lib conftest.c -lz  -lm  >&5
configure:18584: $? = 0
configure:18594: result: yes
configure:18603: checking for zlib.h
configure:18603: gcc -c -g -O2  -I/usr/include conftest.c >&5
configure:18603: $? = 0
configure:18603: result: yes
configure:18645: checking for arpa/inet.h
configure:18645: gcc -c -g -O2  -I/usr/include -I/usr/include conftest.c >&5
configure:18645: $? = 0
configure:18645: result: yes
configure:18657: checking for _Bool
configure:18657: gcc -c -g -O2  -I/usr/include -I/usr/include conftest.c >&5
configure:18657: $? = 0
configure:18657: gcc -c -g -O2  -I/usr/include -I/usr/include conftest.c >&5
conftest.c: In function 'main':
conftest.c:57:20: error: expected expression before ')' token
   57 | if (sizeof ((_Bool)))
      |                    ^
configure:18657: $? = 1
configure: failed program was:
| /* confdefs.h */
| #define PACKAGE_NAME "rcssmonitor"
| #define PACKAGE_TARNAME "rcssmonitor"
| #define PACKAGE_VERSION "18.0.0"
| #define PACKAGE_STRING "rcssmonitor 18.0.0"
| #define PACKAGE_BUGREPORT "https://github.com/rcsoccersim/rcssmonitor"
| #define PACKAGE_URL ""
| #define PACKAGE "rcssmonitor"
| #define VERSION "18.0.0"
| #define HAVE_STDIO_H 1
| #define HAVE_STDLIB_H 1
| #define HAVE_STRING_H 1
| #define HAVE_INTTYPES_H 1
| #define HAVE_STDINT_H 1
| #define HAVE_STRINGS_H 1
| #define HAVE_SYS_STAT_H 1
| #define HAVE_SYS_TYPES_H 1
| #define HAVE_UNISTD_H 1
| #define HAVE_SYS_TIME_H 1
| #define STDC_HEADERS 1
| #define HAVE_DLFCN_H 1
| #define LT_OBJDIR ".libs/"
| #define HAVE_LIBZ 1
| #define HAVE_ARPA_INET_H 1
| /* end confdefs.h.  */
| #include <stddef.h>
| #ifdef HAVE_STDIO_H
| # include <stdio.h>
| #endif
| #ifdef HAVE_STDLIB_H
| # include <stdlib.h>
| #endif
| #ifdef HAVE_STRING_H
| # include <string.h>
| #endif
| #ifdef HAVE_INTTYPES_H
| # include <inttypes.h>
| #endif
| #ifdef HAVE_STDINT_H
| # include <stdint.h>
| #endif
| #ifdef HAVE_STRINGS_H
| # include <strings.h>
| #endif
| #ifdef HAVE_SYS_TYPES_H
| # include <sys/types.h>
| #endif
| #ifdef HAVE_SYS_STAT_H
| # include <sys/stat.h>
| #endif
| #ifdef HAVE_UNISTD_H
| # include <unistd.h>
| #endif
| int
| main (void)
| {
| if (sizeof ((_Bool)))
| 	    return 0;
|   ;
|   return 0;
| }
configure:18657: result: yes
configure:18666: checking for stdbool.h that conforms to C99
configure:18782: gcc -c -g -O2  -I/usr/include -I/usr/include conftest.c >&5
configure:18782: $? = 0
configure:18790: result: yes
configure:18799: checking for inline
configure:18816: gcc -c -g -O2  -I/usr/include -I/usr/include conftest.c >&5
configure:18816: $? = 0
configure:18825: result: inline
configure:18843: checking for an ANSI C-conforming const
configure:18910: gcc -c -g -O2  -I/usr/include -I/usr/include conftest.c >&5
configure:18910: $? = 0
configure:18918: result: yes
configure:18926: checking for int16_t
configure:18926: gcc -c -g -O2  -I/usr/include -I/usr/include conftest.c >&5
configure:18926: $? = 0
configure:18926: gcc -c -g -O2  -I/usr/include -I/usr/include conftest.c >&5
conftest.c: In function 'main':
conftest.c:60:12: error: size of array 'test_array' is negative
   60 | static int test_array [1 - 2 * !((int16_t) (((((int16_t) 1 << N) << N) - 1) * 2 + 1)
      |            ^~~~~~~~~~
configure:18926: $? = 1
configure: failed program was:
| /* confdefs.h */
| #define PACKAGE_NAME "rcssmonitor"
| #define PACKAGE_TARNAME "rcssmonitor"
| #define PACKAGE_VERSION "18.0.0"
| #define PACKAGE_STRING "rcssmonitor 18.0.0"
| #define PACKAGE_BUGREPORT "https://github.com/rcsoccersim/rcssmonitor"
| #define PACKAGE_URL ""
| #define PACKAGE "rcssmonitor"
| #define VERSION "18.0.0"
| #define HAVE_STDIO_H 1
| #define HAVE_STDLIB_H 1
| #define HAVE_STRING_H 1
| #define HAVE_INTTYPES_H 1
| #define HAVE_STDINT_H 1
| #define HAVE_STRINGS_H 1
| #define HAVE_SYS_STAT_H 1
| #define HAVE_SYS_TYPES_H 1
| #define HAVE_UNISTD_H 1
| #define HAVE_SYS_TIME_H 1
| #define STDC_HEADERS 1
| #define HAVE_DLFCN_H 1
| #define LT_OBJDIR ".libs/"
| #define HAVE_LIBZ 1
| #define HAVE_ARPA_INET_H 1
| #define HAVE__BOOL 1
| #define HAVE_STDBOOL_H 1
| /* end confdefs.h.  */
| #include <stddef.h>
| #ifdef HAVE_STDIO_H
| # include <stdio.h>
| #endif
| #ifdef HAVE_STDLIB_H
| # include <stdlib.h>
| #endif
| #ifdef HAVE_STRING_H
| # include <string.h>
| #endif
| #ifdef HAVE_INTTYPES_H
| # include <inttypes.h>
| #endif
| #ifdef HAVE_STDINT_H
| # include <stdint.h>
| #endif
| #ifdef HAVE_STRINGS_H
| # include <strings.h>
| #endif
| #ifdef HAVE_SYS_TYPES_H
| # include <sys/types.h>
| #endif
| #ifdef HAVE_SYS_STAT_H
| # include <sys/stat.h>
| #endif
| #ifdef HAVE_UNISTD_H
| # include <unistd.h>
| #endif
| 	        enum { N = 16 / 2 - 1 };
| int
| main (void)
| {
| static int test_array [1 - 2 * !((int16_t) (((((int16_t) 1 << N) << N) - 1) * 2 + 1)
| 		 < (int16_t) (((((int16_t) 1 << N) << N) - 1) * 2 + 2))];
| test_array [0] = 0;
| return test_array [0];
| 
|   ;
|   return 0;
| }
configure:18926: result: yes
configure:18935: checking for int32_t
configure:18935: gcc -c -g -O2  -I/usr/include -I/usr/include conftest.c >&5
configure:18935: $? = 0
configure:18935: gcc -c -g -O2  -I/usr/include -I/usr/include conftest.c >&5
conftest.c: In function 'main':
conftest.c:61:67: warning: integer overflow in expression of type 'int' results in '-2147483648' [-Woverflow]
   61 |                  < (int32_t) (((((int32_t) 1 << N) << N) - 1) * 2 + 2))];
      |                                                                   ^
conftest.c:60:12: error: storage size of 'test_array' isn't constant
   60 | static int test_array [1 - 2 * !((int32_t) (((((int32_t) 1 << N) << N) - 1) * 2 + 1)
      |            ^~~~~~~~~~
configure:18935: $? = 1
configure: failed program was:
| /* confdefs.h */
| #define PACKAGE_NAME "rcssmonitor"
| #define PACKAGE_TARNAME "rcssmonitor"
| #define PACKAGE_VERSION "18.0.0"
| #define PACKAGE_STRING "rcssmonitor 18.0.0"
| #define PACKAGE_BUGREPORT "https://github.com/rcsoccersim/rcssmonitor"
| #define PACKAGE_URL ""
| #define PACKAGE "rcssmonitor"
| #define VERSION "18.0.0"
| #define HAVE_STDIO_H 1
| #define HAVE_STDLIB_H 1
| #define HAVE_STRING_H 1
| #define HAVE_INTTYPES_H 1
| #define HAVE_STDINT_H 1
| #define HAVE_STRINGS_H 1
| #define HAVE_SYS_STAT_H 1
| #define HAVE_SYS_TYPES_H 1
| #define HAVE_UNISTD_H 1
| #define HAVE_SYS_TIME_H 1
| #define STDC_HEADERS 1
| #define HAVE_DLFCN_H 1
| #define LT_OBJDIR ".libs/"
| #define HAVE_LIBZ 1
| #define HAVE_ARPA_INET_H 1
| #define HAVE__BOOL 1
| #define HAVE_STDBOOL_H 1
| /* end confdefs.h.  */
| #include <stddef.h>
| #ifdef HAVE_STDIO_H
| # include <stdio.h>
| #endif
| #ifdef HAVE_STDLIB_H
| # include <stdlib.h>
| #endif
| #ifdef HAVE_STRING_H
| # include <string.h>
| #endif
| #ifdef HAVE_INTTYPES_H
| # include <inttypes.h>
| #endif
| #ifdef HAVE_STDINT_H
| # include <stdint.h>
| #endif
| #ifdef HAVE_STRINGS_H
| # include <strings.h>
| #endif
| #ifdef HAVE_SYS_TYPES_H
| # include <sys/types.h>
| #endif
| #ifdef HAVE_SYS_STAT_H
| # include <sys/stat.h>
| #endif
| #ifdef HAVE_UNISTD_H
| # include <unistd.h>
| #endif
| 	        enum { N = 32 / 2 - 1 };
| int
| main (void)
| {
| static int test_array [1 - 2 * !((int32_t) (((((int32_t) 1 << N) << N) - 1) * 2 + 1)
| 		 < (int32_t) (((((int32_t) 1 << N) << N) - 1) * 2 + 2))];
| test_array [0] = 0;
| return test_array [0];
| 
|   ;
|   return 0;
| }
configure:18935: result: yes
configure:18944: checking for size_t
configure:18944: gcc -c -g -O2  -I/usr/include -I/usr/include conftest.c >&5
configure:18944: $? = 0
configure:18944: gcc -c -g -O2  -I/usr/include -I/usr/include conftest.c >&5
conftest.c: In function 'main':
conftest.c:59:21: error: expected expression before ')' token
   59 | if (sizeof ((size_t)))
      |                     ^
configure:18944: $? = 1
configure: failed program was:
| /* confdefs.h */
| #define PACKAGE_NAME "rcssmonitor"
| #define PACKAGE_TARNAME "rcssmonitor"
| #define PACKAGE_VERSION "18.0.0"
| #define PACKAGE_STRING "rcssmonitor 18.0.0"
| #define PACKAGE_BUGREPORT "https://github.com/rcsoccersim/rcssmonitor"
| #define PACKAGE_URL ""
| #define PACKAGE "rcssmonitor"
| #define VERSION "18.0.0"
| #define HAVE_STDIO_H 1
| #define HAVE_STDLIB_H 1
| #define HAVE_STRING_H 1
| #define HAVE_INTTYPES_H 1
| #define HAVE_STDINT_H 1
| #define HAVE_STRINGS_H 1
| #define HAVE_SYS_STAT_H 1
| #define HAVE_SYS_TYPES_H 1
| #define HAVE_UNISTD_H 1
| #define HAVE_SYS_TIME_H 1
| #define STDC_HEADERS 1
| #define HAVE_DLFCN_H 1
| #define LT_OBJDIR ".libs/"
| #define HAVE_LIBZ 1
| #define HAVE_ARPA_INET_H 1
| #define HAVE__BOOL 1
| #define HAVE_STDBOOL_H 1
| /* end confdefs.h.  */
| #include <stddef.h>
| #ifdef HAVE_STDIO_H
| # include <stdio.h>
| #endif
| #ifdef HAVE_STDLIB_H
| # include <stdlib.h>
| #endif
| #ifdef HAVE_STRING_H
| # include <string.h>
| #endif
| #ifdef HAVE_INTTYPES_H
| # include <inttypes.h>
| #endif
| #ifdef HAVE_STDINT_H
| # include <stdint.h>
| #endif
| #ifdef HAVE_STRINGS_H
| # include <strings.h>
| #endif
| #ifdef HAVE_SYS_TYPES_H
| # include <sys/types.h>
| #endif
| #ifdef HAVE_SYS_STAT_H
| # include <sys/stat.h>
| #endif
| #ifdef HAVE_UNISTD_H
| # include <unistd.h>
| #endif
| int
| main (void)
| {
| if (sizeof ((size_t)))
| 	    return 0;
|   ;
|   return 0;
| }
configure:18944: result: yes
configure:18964: checking for uint16_t
configure:18964: gcc -c -g -O2  -I/usr/include -I/usr/include conftest.c >&5
configure:18964: $? = 0
configure:18964: result: yes
configure:18974: checking for uint32_t
configure:18974: gcc -c -g -O2  -I/usr/include -I/usr/include conftest.c >&5
configure:18974: $? = 0
configure:18974: result: yes
configure:18991: checking for error_at_line
configure:19008: gcc -o conftest -g -O2  -I/usr/include -I/usr/include  -L/usr/lib -L/usr/lib conftest.c -lz -lm  >&5
configure:19008: $? = 0
configure:19017: result: yes
configure:19028: checking for memset
configure:19028: gcc -o conftest -g -O2  -I/usr/include -I/usr/include  -L/usr/lib -L/usr/lib conftest.c -lz -lm  >&5
conftest.c:45:6: warning: conflicting types for built-in function 'memset'; expected 'void *(void *, int,  long unsigned int)' [-Wbuiltin-declaration-mismatch]
   45 | char memset ();
      |      ^~~~~~
conftest.c:37:1: note: 'memset' is declared in header '<string.h>'
   36 | #include <limits.h>
   37 | #undef memset
configure:19028: $? = 0
configure:19028: result: yes
configure:19034: checking for rint
configure:19034: gcc -o conftest -g -O2  -I/usr/include -I/usr/include  -L/usr/lib -L/usr/lib conftest.c -lz -lm  >&5
conftest.c:46:6: warning: conflicting types for built-in function 'rint'; expected 'double(double)' [-Wbuiltin-declaration-mismatch]
   46 | char rint ();
      |      ^~~~
conftest.c:38:1: note: 'rint' is declared in header '<math.h>'
   37 | #include <limits.h>
   38 | #undef rint
configure:19034: $? = 0
configure:19034: result: yes
configure:19040: checking for strtol
configure:19040: gcc -o conftest -g -O2  -I/usr/include -I/usr/include  -L/usr/lib -L/usr/lib conftest.c -lz -lm  >&5
configure:19040: $? = 0
configure:19040: result: yes
configure:19046: checking for pow
configure:19046: gcc -o conftest -g -O2  -I/usr/include -I/usr/include  -L/usr/lib -L/usr/lib conftest.c -lz -lm  >&5
conftest.c:48:6: warning: conflicting types for built-in function 'pow'; expected 'double(double,  double)' [-Wbuiltin-declaration-mismatch]
   48 | char pow ();
      |      ^~~
conftest.c:40:1: note: 'pow' is declared in header '<math.h>'
   39 | #include <limits.h>
   40 | #undef pow
configure:19046: $? = 0
configure:19046: result: yes
configure:19052: checking for sqrt
configure:19052: gcc -o conftest -g -O2  -I/usr/include -I/usr/include  -L/usr/lib -L/usr/lib conftest.c -lz -lm  >&5
conftest.c:49:6: warning: conflicting types for built-in function 'sqrt'; expected 'double(double)' [-Wbuiltin-declaration-mismatch]
   49 | char sqrt ();
      |      ^~~~
conftest.c:41:1: note: 'sqrt' is declared in header '<math.h>'
   40 | #include <limits.h>
   41 | #undef sqrt
configure:19052: $? = 0
configure:19052: result: yes
configure:19064: checking for X
configure:19102: gcc -o conftest -g -O2  -I/usr/include -I/usr/include  -L/usr/lib -L/usr/lib conftest.c -lX11 -lz -lm  >&5
configure:19102: $? = 0
configure:19289: result: libraries , headers 
configure:19387: gcc -o conftest -g -O2  -I/usr/include -I/usr/include  -L/usr/lib -L/usr/lib conftest.c -lz -lm   -lX11 >&5
configure:19387: $? = 0
configure:19486: checking for gethostbyname
configure:19486: gcc -o conftest -g -O2  -I/usr/include -I/usr/include  -L/usr/lib -L/usr/lib conftest.c -lz -lm  >&5
configure:19486: $? = 0
configure:19486: result: yes
configure:19584: checking for connect
configure:19584: gcc -o conftest -g -O2  -I/usr/include -I/usr/include  -L/usr/lib -L/usr/lib conftest.c -lz -lm  >&5
configure:19584: $? = 0
configure:19584: result: yes
configure:19634: checking for remove
configure:19634: gcc -o conftest -g -O2  -I/usr/include -I/usr/include  -L/usr/lib -L/usr/lib conftest.c -lz -lm  >&5
configure:19634: $? = 0
configure:19634: result: yes
configure:19684: checking for shmat
configure:19684: gcc -o conftest -g -O2  -I/usr/include -I/usr/include  -L/usr/lib -L/usr/lib conftest.c -lz -lm  >&5
configure:19684: $? = 0
configure:19684: result: yes
configure:19743: checking for IceConnectionNumber in -lICE
configure:19766: gcc -o conftest -g -O2  -I/usr/include -I/usr/include  -L/usr/lib -L/usr/lib conftest.c -lICE  -lz -lm  >&5
configure:19766: $? = 0
configure:19776: result: yes
configure:19792: checking for Qt
configure:19802: checking for qmake
configure:19823: found /usr/bin/qmake
configure:19834: result: qmake
configure:19911: result: yes:
    QT_CXXFLAGS=-pipe -O2 -Wall -Wextra -D_REENTRANT -fPIC -DQT_NO_DEBUG -DQT_OPENGL_LIB -DQT_PRINTSUPPORT_LIB -DQT_WIDGETS_LIB -DQT_GUI_LIB -DQT_CONCURRENT_LIB -DQT_DBUS_LIB -DQT_NETWORK_LIB -DQT_SCRIPT_LIB -DQT_SCRIPTTOOLS_LIB -DQT_SQL_LIB -DQT_TESTLIB_LIB -DQT_XML_LIB -DQT_CORE_LIB -DQT_TESTCASE_BUILDDIR="/tmp/tmp.E5UVSJkHOv" -I. -I/usr/include/x86_64-linux-gnu/qt5 -I/usr/include/x86_64-linux-gnu/qt5/QtOpenGL -I/usr/include/x86_64-linux-gnu/qt5/QtPrintSupport -I/usr/include/x86_64-linux-gnu/qt5/QtWidgets -I/usr/include/x86_64-linux-gnu/qt5/QtGui -I/usr/include/x86_64-linux-gnu/qt5/QtConcurrent -I/usr/include/x86_64-linux-gnu/qt5/QtDBus -I/usr/include/x86_64-linux-gnu/qt5/QtNetwork -I/usr/include/x86_64-linux-gnu/qt5/QtScript -I/usr/include/x86_64-linux-gnu/qt5/QtScriptTools -I/usr/include/x86_64-linux-gnu/qt5/QtSql -I/usr/include/x86_64-linux-gnu/qt5/QtTest -I/usr/include/x86_64-linux-gnu/qt5/QtXml -I/usr/include/x86_64-linux-gnu/qt5/QtCore -I. -I/usr/lib/x86_64-linux-gnu/qt5/mkspecs/linux-g++ 
    QT_DIR=/usr/lib/x86_64-linux-gnu
    QT_LIBS=/usr/lib/x86_64-linux-gnu/libQt5OpenGL.so /usr/lib/x86_64-linux-gnu/libQt5PrintSupport.so /usr/lib/x86_64-linux-gnu/libQt5Widgets.so /usr/lib/x86_64-linux-gnu/libQt5Gui.so /usr/lib/x86_64-linux-gnu/libQt5Concurrent.so /usr/lib/x86_64-linux-gnu/libQt5DBus.so /usr/lib/x86_64-linux-gnu/libQt5Network.so /usr/lib/x86_64-linux-gnu/libQt5Script.so /usr/lib/x86_64-linux-gnu/libQt5ScriptTools.so /usr/lib/x86_64-linux-gnu/libQt5Sql.so /usr/lib/x86_64-linux-gnu/libQt5Test.so /usr/lib/x86_64-linux-gnu/libQt5Xml.so /usr/lib/x86_64-linux-gnu/libQt5Core.so -lGL -lpthread  
    QT_UIC=/usr/bin/uic
    QT_MOC=/usr/bin/moc
    QT_RCC=/usr/bin/rcc
    QT_LRELEASE=/usr/bin/lrelease
    QT_LUPDATE=/usr/bin/lupdate
configure:19954: checking correct functioning of Qt installation
configure:19989: /usr/bin/moc ax_qt_test.h -o moc_ax_qt_test.c >/dev/null 2>/dev/null
configure:19992: $? = 0
configure:20000: g++ -pipe -O2 -Wall -Wextra -D_REENTRANT -fPIC -DQT_NO_DEBUG -DQT_OPENGL_LIB -DQT_PRINTSUPPORT_LIB -DQT_WIDGETS_LIB -DQT_GUI_LIB -DQT_CONCURRENT_LIB -DQT_DBUS_LIB -DQT_NETWORK_LIB -DQT_SCRIPT_LIB -DQT_SCRIPTTOOLS_LIB -DQT_SQL_LIB -DQT_TESTLIB_LIB -DQT_XML_LIB -DQT_CORE_LIB -DQT_TESTCASE_BUILDDIR=/tmp/tmp.E5UVSJkHOv -I. -I/usr/include/x86_64-linux-gnu/qt5 -I/usr/include/x86_64-linux-gnu/qt5/QtOpenGL -I/usr/include/x86_64-linux-gnu/qt5/QtPrintSupport -I/usr/include/x86_64-linux-gnu/qt5/QtWidgets -I/usr/include/x86_64-linux-gnu/qt5/QtGui -I/usr/include/x86_64-linux-gnu/qt5/QtConcurrent -I/usr/include/x86_64-linux-gnu/qt5/QtDBus -I/usr/include/x86_64-linux-gnu/qt5/QtNetwork -I/usr/include/x86_64-linux-gnu/qt5/QtScript -I/usr/include/x86_64-linux-gnu/qt5/QtScriptTools -I/usr/include/x86_64-linux-gnu/qt5/QtSql -I/usr/include/x86_64-linux-gnu/qt5/QtTest -I/usr/include/x86_64-linux-gnu/qt5/QtXml -I/usr/include/x86_64-linux-gnu/qt5/QtCore -I. -I/usr/lib/x86_64-linux-gnu/qt5/mkspecs/linux-g++  -c -g -O2 -o moc_ax_qt_test.o moc_ax_qt_test.c >/dev/null 2>/dev/null
configure:20003: $? = 0
configure:20011: g++ -pipe -O2 -Wall -Wextra -D_REENTRANT -fPIC -DQT_NO_DEBUG -DQT_OPENGL_LIB -DQT_PRINTSUPPORT_LIB -DQT_WIDGETS_LIB -DQT_GUI_LIB -DQT_CONCURRENT_LIB -DQT_DBUS_LIB -DQT_NETWORK_LIB -DQT_SCRIPT_LIB -DQT_SCRIPTTOOLS_LIB -DQT_SQL_LIB -DQT_TESTLIB_LIB -DQT_XML_LIB -DQT_CORE_LIB -DQT_TESTCASE_BUILDDIR=/tmp/tmp.E5UVSJkHOv -I. -I/usr/include/x86_64-linux-gnu/qt5 -I/usr/include/x86_64-linux-gnu/qt5/QtOpenGL -I/usr/include/x86_64-linux-gnu/qt5/QtPrintSupport -I/usr/include/x86_64-linux-gnu/qt5/QtWidgets -I/usr/include/x86_64-linux-gnu/qt5/QtGui -I/usr/include/x86_64-linux-gnu/qt5/QtConcurrent -I/usr/include/x86_64-linux-gnu/qt5/QtDBus -I/usr/include/x86_64-linux-gnu/qt5/QtNetwork -I/usr/include/x86_64-linux-gnu/qt5/QtScript -I/usr/include/x86_64-linux-gnu/qt5/QtScriptTools -I/usr/include/x86_64-linux-gnu/qt5/QtSql -I/usr/include/x86_64-linux-gnu/qt5/QtTest -I/usr/include/x86_64-linux-gnu/qt5/QtXml -I/usr/include/x86_64-linux-gnu/qt5/QtCore -I. -I/usr/lib/x86_64-linux-gnu/qt5/mkspecs/linux-g++  -c -g -O2 -o ax_qt_main.o ax_qt_main.c >/dev/null 2>/dev/null
configure:20014: $? = 0
configure:20022: g++ -o ax_qt_main ax_qt_main.o moc_ax_qt_test.o /usr/lib/x86_64-linux-gnu/libQt5OpenGL.so /usr/lib/x86_64-linux-gnu/libQt5PrintSupport.so /usr/lib/x86_64-linux-gnu/libQt5Widgets.so /usr/lib/x86_64-linux-gnu/libQt5Gui.so /usr/lib/x86_64-linux-gnu/libQt5Concurrent.so /usr/lib/x86_64-linux-gnu/libQt5DBus.so /usr/lib/x86_64-linux-gnu/libQt5Network.so /usr/lib/x86_64-linux-gnu/libQt5Script.so /usr/lib/x86_64-linux-gnu/libQt5ScriptTools.so /usr/lib/x86_64-linux-gnu/libQt5Sql.so /usr/lib/x86_64-linux-gnu/libQt5Test.so /usr/lib/x86_64-linux-gnu/libQt5Xml.so /usr/lib/x86_64-linux-gnu/libQt5Core.so -lGL -lpthread   -lz -lm  >/dev/null 2>/dev/null
configure:20025: $? = 0
configure:20037: result: success
configure:20070: checking whether g++ supports C++14 features with -std=c++14
configure:20489: g++ -std=c++14 -c -g -O2  -I/usr/include -I/usr/include conftest.cpp >&5
configure:20489: $? = 0
configure:20499: result: yes
configure:20652: checking that generated files are newer than configure
configure:20658: result: done
configure:20693: creating ./config.status

## ---------------------- ##
## Running config.status. ##
## ---------------------- ##

This file was extended by rcssmonitor config.status 18.0.0, which was
generated by GNU Autoconf 2.71.  Invocation command line was

  CONFIG_FILES    = 
  CONFIG_HEADERS  = 
  CONFIG_LINKS    = 
  CONFIG_COMMANDS = 
  $ ./config.status 

on Soroush

config.status:1183: creating Makefile
config.status:1183: creating rcss/Makefile
config.status:1183: creating rcss/rcg/Makefile
config.status:1183: creating src/Makefile
config.status:1183: creating config.h
config.status:1412: executing depfiles commands
config.status:1489: cd rcss/rcg       && sed -e '/# am--include-marker/d' Makefile         | make -f - am--depfiles
config.status:1494: $? = 0
config.status:1489: cd src       && sed -e '/# am--include-marker/d' Makefile         | make -f - am--depfiles
config.status:1494: $? = 0
config.status:1412: executing libtool commands

## ---------------- ##
## Cache variables. ##
## ---------------- ##

ac_cv_build=x86_64-pc-linux-gnu
ac_cv_c_compiler_gnu=yes
ac_cv_c_const=yes
ac_cv_c_inline=inline
ac_cv_c_int16_t=yes
ac_cv_c_int32_t=yes
ac_cv_c_uint16_t=yes
ac_cv_c_uint32_t=yes
ac_cv_cxx_compiler_gnu=yes
ac_cv_env_CCC_set=
ac_cv_env_CCC_value=
ac_cv_env_CC_set=
ac_cv_env_CC_value=
ac_cv_env_CFLAGS_set=
ac_cv_env_CFLAGS_value=
ac_cv_env_CPPFLAGS_set=
ac_cv_env_CPPFLAGS_value=
ac_cv_env_CPP_set=
ac_cv_env_CPP_value=
ac_cv_env_CXXCPP_set=
ac_cv_env_CXXCPP_value=
ac_cv_env_CXXFLAGS_set=
ac_cv_env_CXXFLAGS_value=
ac_cv_env_CXX_set=
ac_cv_env_CXX_value=
ac_cv_env_LDFLAGS_set=
ac_cv_env_LDFLAGS_value=
ac_cv_env_LIBS_set=
ac_cv_env_LIBS_value=
ac_cv_env_LT_SYS_LIBRARY_PATH_set=
ac_cv_env_LT_SYS_LIBRARY_PATH_value=
ac_cv_env_XMKMF_set=
ac_cv_env_XMKMF_value=
ac_cv_env_build_alias_set=
ac_cv_env_build_alias_value=
ac_cv_env_host_alias_set=
ac_cv_env_host_alias_value=
ac_cv_env_target_alias_set=
ac_cv_env_target_alias_value=
ac_cv_func_connect=yes
ac_cv_func_gethostbyname=yes
ac_cv_func_memset=yes
ac_cv_func_pow=yes
ac_cv_func_remove=yes
ac_cv_func_rint=yes
ac_cv_func_shmat=yes
ac_cv_func_sqrt=yes
ac_cv_func_strtol=yes
ac_cv_have_x='have_x=yes	ac_x_includes='\'''\''	ac_x_libraries='\'''\'''
ac_cv_header_arpa_inet_h=yes
ac_cv_header_dlfcn_h=yes
ac_cv_header_inttypes_h=yes
ac_cv_header_stdbool_h=yes
ac_cv_header_stdint_h=yes
ac_cv_header_stdio_h=yes
ac_cv_header_stdlib_h=yes
ac_cv_header_string_h=yes
ac_cv_header_strings_h=yes
ac_cv_header_sys_stat_h=yes
ac_cv_header_sys_time_h=yes
ac_cv_header_sys_types_h=yes
ac_cv_header_unistd_h=yes
ac_cv_header_zlib_h=yes
ac_cv_host=x86_64-pc-linux-gnu
ac_cv_lib_ICE_IceConnectionNumber=yes
ac_cv_lib_error_at_line=yes
ac_cv_lib_m_cos=yes
ac_cv_lib_z_inflateEnd=yes
ac_cv_objext=o
ac_cv_path_EGREP='/usr/bin/grep -E'
ac_cv_path_FGREP='/usr/bin/grep -F'
ac_cv_path_GREP=/usr/bin/grep
ac_cv_path_SED=/usr/bin/sed
ac_cv_path_install='/usr/bin/install -c'
ac_cv_path_lt_DD=/usr/bin/dd
ac_cv_path_mkdir=/usr/bin/mkdir
ac_cv_prog_AWK=mawk
ac_cv_prog_CPP='gcc -E'
ac_cv_prog_CXXCPP='g++ -E'
ac_cv_prog_ac_ct_AR=ar
ac_cv_prog_ac_ct_CC=gcc
ac_cv_prog_ac_ct_CXX=g++
ac_cv_prog_ac_ct_MANIFEST_TOOL=mt
ac_cv_prog_ac_ct_OBJDUMP=objdump
ac_cv_prog_ac_ct_RANLIB=ranlib
ac_cv_prog_ac_ct_STRIP=strip
ac_cv_prog_am_have_qt_qmexe=qmake
ac_cv_prog_cc_c11=
ac_cv_prog_cc_g=yes
ac_cv_prog_cc_stdc=
ac_cv_prog_cxx_11=no
ac_cv_prog_cxx_cxx11=
ac_cv_prog_cxx_g=yes
ac_cv_prog_cxx_stdcxx=
ac_cv_prog_make_make_set=yes
ac_cv_type__Bool=yes
ac_cv_type_size_t=yes
am_cv_CC_dependencies_compiler_type=gcc3
am_cv_CXX_dependencies_compiler_type=gcc3
am_cv_make_support_nested_variables=yes
am_cv_prog_cc_c_o=yes
ax_cv_cxx_compile_cxx14__std_cpp14=yes
ax_cv_qt_test_result=success
lt_cv_ar_at_file=@
lt_cv_archive_cmds_need_lc=no
lt_cv_deplibs_check_method=pass_all
lt_cv_file_magic_cmd='$MAGIC_CMD'
lt_cv_file_magic_test_file=
lt_cv_ld_reload_flag=-r
lt_cv_nm_interface='BSD nm'
lt_cv_objdir=.libs
lt_cv_path_LD=/usr/bin/ld
lt_cv_path_LDCXX='/usr/bin/ld -m elf_x86_64'
lt_cv_path_NM='/usr/bin/nm -B'
lt_cv_path_mainfest_tool=no
lt_cv_prog_compiler_c_o=yes
lt_cv_prog_compiler_c_o_CXX=yes
lt_cv_prog_compiler_pic='-fPIC -DPIC'
lt_cv_prog_compiler_pic_CXX='-fPIC -DPIC'
lt_cv_prog_compiler_pic_works=yes
lt_cv_prog_compiler_pic_works_CXX=yes
lt_cv_prog_compiler_rtti_exceptions=no
lt_cv_prog_compiler_static_works=yes
lt_cv_prog_compiler_static_works_CXX=yes
lt_cv_prog_gnu_ld=yes
lt_cv_prog_gnu_ldcxx=yes
lt_cv_sharedlib_from_linklib_cmd='printf %s\n'
lt_cv_shlibpath_overrides_runpath=yes
lt_cv_sys_global_symbol_pipe='sed -n -e '\''s/^.*[	 ]\([ABCDGIRSTW][ABCDGIRSTW]*\)[	 ][	 ]*\([_A-Za-z][_A-Za-z0-9]*\)$/\1 \2 \2/p'\'' | sed '\''/ __gnu_lto/d'\'''
lt_cv_sys_global_symbol_to_c_name_address='sed -n -e '\''s/^: \(.*\) .*$/  {"\1", (void *) 0},/p'\'' -e '\''s/^[ABCDGIRSTW][ABCDGIRSTW]* .* \(.*\)$/  {"\1", (void *) \&\1},/p'\'''
lt_cv_sys_global_symbol_to_c_name_address_lib_prefix='sed -n -e '\''s/^: \(.*\) .*$/  {"\1", (void *) 0},/p'\'' -e '\''s/^[ABCDGIRSTW][ABCDGIRSTW]* .* \(lib.*\)$/  {"\1", (void *) \&\1},/p'\'' -e '\''s/^[ABCDGIRSTW][ABCDGIRSTW]* .* \(.*\)$/  {"lib\1", (void *) \&\1},/p'\'''
lt_cv_sys_global_symbol_to_cdecl='sed -n -e '\''s/^T .* \(.*\)$/extern int \1();/p'\'' -e '\''s/^[ABCDGIRSTW][ABCDGIRSTW]* .* \(.*\)$/extern char \1;/p'\'''
lt_cv_sys_global_symbol_to_import=
lt_cv_sys_max_cmd_len=1572864
lt_cv_to_host_file_cmd=func_convert_file_noop
lt_cv_to_tool_file_cmd=func_convert_file_noop
lt_cv_truncate_bin='/usr/bin/dd bs=4096 count=1'
zlib_cv_libz=yes
zlib_cv_zlib_h=yes

## ----------------- ##
## Output variables. ##
## ----------------- ##

ACLOCAL='${SHELL} '\''/home/soroush/Soccer/Challenge/rcssmonitor-challenge/missing'\'' aclocal-1.16'
AMDEPBACKSLASH='\'
AMDEP_FALSE='#'
AMDEP_TRUE=''
AMTAR='$${TAR-tar}'
AM_BACKSLASH='\'
AM_DEFAULT_V='$(AM_DEFAULT_VERBOSITY)'
AM_DEFAULT_VERBOSITY='1'
AM_V='$(V)'
AR='ar'
AUTOCONF='${SHELL} '\''/home/soroush/Soccer/Challenge/rcssmonitor-challenge/missing'\'' autoconf'
AUTOHEADER='${SHELL} '\''/home/soroush/Soccer/Challenge/rcssmonitor-challenge/missing'\'' autoheader'
AUTOMAKE='${SHELL} '\''/home/soroush/Soccer/Challenge/rcssmonitor-challenge/missing'\'' automake-1.16'
AWK='mawk'
CC='gcc'
CCDEPMODE='depmode=gcc3'
CFLAGS='-g -O2'
CPP='gcc -E'
CPPFLAGS=' -I/usr/include -I/usr/include'
CSCOPE='cscope'
CTAGS='ctags'
CXX='g++ -std=c++14'
CXXCPP='g++ -E -std=c++14'
CXXDEPMODE='depmode=gcc3'
CXXFLAGS='-g -O2'
CYGPATH_W='echo'
DEFS='-DHAVE_CONFIG_H'
DEPDIR='.deps'
DLLTOOL='false'
DSYMUTIL=''
DUMPBIN=''
ECHO_C=''
ECHO_N='-n'
ECHO_T=''
EGREP='/usr/bin/grep -E'
ETAGS='etags'
EXEEXT=''
FGREP='/usr/bin/grep -F'
GREP='/usr/bin/grep'
HAVE_CXX14='1'
INSTALL_DATA='${INSTALL} -m 644'
INSTALL_PROGRAM='${INSTALL}'
INSTALL_SCRIPT='${INSTALL}'
INSTALL_STRIP_PROGRAM='$(install_sh) -c -s'
LD='/usr/bin/ld -m elf_x86_64'
LDFLAGS=' -L/usr/lib -L/usr/lib'
LIBOBJS=''
LIBS='-lz -lm '
LIBTOOL='$(SHELL) $(top_builddir)/libtool'
LIBTOOL_DEPS='.//ltmain.sh'
LIPO=''
LN_S='ln -s'
LTLIBOBJS=''
LT_SYS_LIBRARY_PATH=''
MAKEINFO='${SHELL} '\''/home/soroush/Soccer/Challenge/rcssmonitor-challenge/missing'\'' makeinfo'
MANIFEST_TOOL=':'
MKDIR_P='/usr/bin/mkdir -p'
NM='/usr/bin/nm -B'
NMEDIT=''
OBJDUMP='objdump'
OBJEXT='o'
OTOOL64=''
OTOOL=''
PACKAGE='rcssmonitor'
PACKAGE_BUGREPORT='https://github.com/rcsoccersim/rcssmonitor'
PACKAGE_NAME='rcssmonitor'
PACKAGE_STRING='rcssmonitor 18.0.0'
PACKAGE_TARNAME='rcssmonitor'
PACKAGE_URL=''
PACKAGE_VERSION='18.0.0'
PATH_SEPARATOR=':'
QT_CXXFLAGS='-pipe -O2 -Wall -Wextra -D_REENTRANT -fPIC -DQT_NO_DEBUG -DQT_OPENGL_LIB -DQT_PRINTSUPPORT_LIB -DQT_WIDGETS_LIB -DQT_GUI_LIB -DQT_CONCURRENT_LIB -DQT_DBUS_LIB -DQT_NETWORK_LIB -DQT_SCRIPT_LIB -DQT_SCRIPTTOOLS_LIB -DQT_SQL_LIB -DQT_TESTLIB_LIB -DQT_XML_LIB -DQT_CORE_LIB -DQT_TESTCASE_BUILDDIR="/tmp/tmp.E5UVSJkHOv" -I. -I/usr/include/x86_64-linux-gnu/qt5 -I/usr/include/x86_64-linux-gnu/qt5/QtOpenGL -I/usr/include/x86_64-linux-gnu/qt5/QtPrintSupport -I/usr/include/x86_64-linux-gnu/qt5/QtWidgets -I/usr/include/x86_64-linux-gnu/qt5/QtGui -I/usr/include/x86_64-linux-gnu/qt5/QtConcurrent -I/usr/include/x86_64-linux-gnu/qt5/QtDBus -I/usr/include/x86_64-linux-gnu/qt5/QtNetwork -I/usr/include/x86_64-linux-gnu/qt5/QtScript -I/usr/include/x86_64-linux-gnu/qt5/QtScriptTools -I/usr/include/x86_64-linux-gnu/qt5/QtSql -I/usr/include/x86_64-linux-gnu/qt5/QtTest -I/usr/include/x86_64-linux-gnu/qt5/QtXml -I/usr/include/x86_64-linux-gnu/qt5/QtCore -I. -I/usr/lib/x86_64-linux-gnu/qt5/mkspecs/linux-g++ '
QT_DIR='/usr/lib/x86_64-linux-gnu'
QT_LIBS='/usr/lib/x86_64-linux-gnu/libQt5OpenGL.so /usr/lib/x86_64-linux-gnu/libQt5PrintSupport.so /usr/lib/x86_64-linux-gnu/libQt5Widgets.so /usr/lib/x86_64-linux-gnu/libQt5Gui.so /usr/lib/x86_64-linux-gnu/libQt5Concurrent.so /usr/lib/x86_64-linux-gnu/libQt5DBus.so /usr/lib/x86_64-linux-gnu/libQt5Network.so /usr/lib/x86_64-linux-gnu/libQt5Script.so /usr/lib/x86_64-linux-gnu/libQt5ScriptTools.so /usr/lib/x86_64-linux-gnu/libQt5Sql.so /usr/lib/x86_64-linux-gnu/libQt5Test.so /usr/lib/x86_64-linux-gnu/libQt5Xml.so /usr/lib/x86_64-linux-gnu/libQt5Core.so -lGL -lpthread  '
QT_LRELEASE='/usr/bin/lrelease'
QT_LUPDATE='/usr/bin/lupdate'
QT_MOC='/usr/bin/moc'
QT_RCC='/usr/bin/rcc'
QT_UIC='/usr/bin/uic'
RANLIB='ranlib'
SED='/usr/bin/sed'
SET_MAKE=''
SHELL='/bin/bash'
STRIP='strip'
VERSION='18.0.0'
XMKMF=''
X_CFLAGS=''
X_EXTRA_LIBS=''
X_LIBS=''
X_PRE_LIBS=' -lSM -lICE'
ac_ct_AR='ar'
ac_ct_CC='gcc'
ac_ct_CXX='g++'
ac_ct_DUMPBIN=''
am__EXEEXT_FALSE=''
am__EXEEXT_TRUE='#'
am__fastdepCC_FALSE='#'
am__fastdepCC_TRUE=''
am__fastdepCXX_FALSE='#'
am__fastdepCXX_TRUE=''
am__include='include'
am__isrc=''
am__leading_dot='.'
am__nodep='_no'
am__quote=''
am__tar='$${TAR-tar} chof - "$$tardir"'
am__untar='$${TAR-tar} xf -'
am_have_qt_qmexe='qmake'
bindir='${exec_prefix}/bin'
build='x86_64-pc-linux-gnu'
build_alias=''
build_cpu='x86_64'
build_os='linux-gnu'
build_vendor='pc'
datadir='${datarootdir}'
datarootdir='${prefix}/share'
docdir='${datarootdir}/doc/${PACKAGE_TARNAME}'
dvidir='${docdir}'
exec_prefix='${prefix}'
host='x86_64-pc-linux-gnu'
host_alias=''
host_cpu='x86_64'
host_os='linux-gnu'
host_vendor='pc'
htmldir='${docdir}'
includedir='${prefix}/include'
infodir='${datarootdir}/info'
install_sh='${SHELL} /home/soroush/Soccer/Challenge/rcssmonitor-challenge/install-sh'
libdir='${exec_prefix}/lib'
libexecdir='${exec_prefix}/libexec'
localedir='${datarootdir}/locale'
localstatedir='${prefix}/var'
mandir='${datarootdir}/man'
mkdir_p='$(MKDIR_P)'
oldincludedir='/usr/include'
pdfdir='${docdir}'
prefix='/usr/local'
program_transform_name='s,x,x,'
psdir='${docdir}'
runstatedir='${localstatedir}/run'
sbindir='${exec_prefix}/sbin'
sharedstatedir='${prefix}/com'
sysconfdir='${prefix}/etc'
target_alias=''

## ----------- ##
## confdefs.h. ##
## ----------- ##

/* confdefs.h */
#define PACKAGE_NAME "rcssmonitor"
#define PACKAGE_TARNAME "rcssmonitor"
#define PACKAGE_VERSION "18.0.0"
#define PACKAGE_STRING "rcssmonitor 18.0.0"
#define PACKAGE_BUGREPORT "https://github.com/rcsoccersim/rcssmonitor"
#define PACKAGE_URL ""
#define PACKAGE "rcssmonitor"
#define VERSION "18.0.0"
#define HAVE_STDIO_H 1
#define HAVE_STDLIB_H 1
#define HAVE_STRING_H 1
#define HAVE_INTTYPES_H 1
#define HAVE_STDINT_H 1
#define HAVE_STRINGS_H 1
#define HAVE_SYS_STAT_H 1
#define HAVE_SYS_TYPES_H 1
#define HAVE_UNISTD_H 1
#define HAVE_SYS_TIME_H 1
#define STDC_HEADERS 1
#define HAVE_DLFCN_H 1
#define LT_OBJDIR ".libs/"
#define HAVE_LIBZ 1
#define HAVE_ARPA_INET_H 1
#define HAVE__BOOL 1
#define HAVE_STDBOOL_H 1
#define TIME_WITH_SYS_TIME 1
#define HAVE_MEMSET 1
#define HAVE_RINT 1
#define HAVE_STRTOL 1
#define HAVE_POW 1
#define HAVE_SQRT 1
#define HAVE_CXX14 1

configure: exit 0
